- Consulta de dirección virtual: 27499954.176000B (Página 23) con proceso 15, parte 1.

Estado de la memoria antes de la consulta:

+----------+----------+---------+     +----------+----------+---------+
|            PAGINAS            |     |             MARCOS            |
+----------+----------+---------+     +----------+----------+---------+
| 1  	   | 100%     | 1, 1    |     | 1        | 100%     | 1, 1    |
| 2  	   | 33%      | 1, 2    |     | 2        | 33%      | 1, 2    |
| 3  	   | 100%     | 2, 1    |     | 3        | 100%     | 2, 1    |
| 4  	   | 12%      | 2, 2    |     | 4        | 12%      | 2, 2    |
| 5  	   | 71%      | 3, 1    |     | 5        | 71%      | 3, 1    |
| 6  	   | 92%      | 4, 1    |     | 6        | 92%      | 4, 1    |
| 7  	   | 5%       | 5, 1    |     | 7        | 5%       | 5, 1    |
| 8  	   | 100%     | 6, 1    |     | 8        | 100%     | 6, 1    |
| 9  	   | 92%      | 6, 2    |     | 9        | 92%      | 6, 2    |
| 10 	   | 88%      | 7, 1    |     | 10       | 88%      | 7, 1    |
| 11 	   | 100%     | 8, 1    |     | -        | -        | -       |
| 12 	   | 80%      | 8, 2    |     | -        | -        | -       |
| 13 	   | 37%      | 9, 1    |     | -        | -        | -       |
| 14 	   | 100%     | 10, 1   |     | -        | -        | -       |
| 15 	   | 100%     | 10, 2   |     | -        | -        | -       |
| 16 	   | 18%      | 10, 3   |     | -        | -        | -       |
| 17 	   | 100%     | 11, 1   |     | -        | -        | -       |
| 18 	   | 69%      | 11, 2   |     | -        | -        | -       |
| 19 	   | 0%       | -1, -1  |     | -        | -        | -       |
| 20 	   | 0%       | -1, -1  |     | -        | -        | -       |
| 21 	   | 95%      | 13, 1   |     | -        | -        | -       |
| 22 	   | 29%      | 14, 1   |     | -        | -        | -       |
| 23 	   | 44%      | 15, 1   |     | -        | -        | -       |
| 24 	   | 0%       | -1, -1  |     | -        | -        | -       |
| 25 	   | 0%       | -1, -1  |     | -        | -        | -       |
| 26 	   | 0%       | -1, -1  |     | -        | -        | -       |
| 27 	   | 0%       | -1, -1  |     | -        | -        | -       |
| 28 	   | 0%       | -1, -1  |     | -        | -        | -       |
| 29 	   | 0%       | -1, -1  |     | -        | -        | -       |
| 30 	   | 0%       | -1, -1  |     | -        | -        | -       |
| 31 	   | 0%       | -1, -1  |     | -        | -        | -       |
| 32 	   | 0%       | -1, -1  |     | -        | -        | -       |
| 33 	   | 0%       | -1, -1  |     | -        | -        | -       |
| 34 	   | 0%       | -1, -1  |     | -        | -        | -       |
+----------+----------+---------+     +----------+----------+---------+


Reemplazando marco 10 con proceso 15, parte 1.


Estado de la memoria después de la consulta:

+----------+----------+---------+     +----------+----------+---------+
|            PAGINAS            |     |             MARCOS            |
+----------+----------+---------+     +----------+----------+---------+
| 1  	   | 100%     | 1, 1    |     | 1        | 100%     | 1, 1    |
| 2  	   | 33%      | 1, 2    |     | 2        | 33%      | 1, 2    |
| 3  	   | 100%     | 2, 1    |     | 3        | 100%     | 2, 1    |
| 4  	   | 12%      | 2, 2    |     | 4        | 12%      | 2, 2    |
| 5  	   | 71%      | 3, 1    |     | 5        | 71%      | 3, 1    |
| 6  	   | 92%      | 4, 1    |     | 6        | 92%      | 4, 1    |
| 7  	   | 5%       | 5, 1    |     | 7        | 5%       | 5, 1    |
| 8  	   | 100%     | 6, 1    |     | 8        | 100%     | 6, 1    |
| 9  	   | 92%      | 6, 2    |     | 9        | 92%      | 6, 2    |
| 10 	   | 88%      | 7, 1    |     | 10       | 44%      | 15, 1   |
| 11 	   | 100%     | 8, 1    |     | -        | -        | -       |
| 12 	   | 80%      | 8, 2    |     | -        | -        | -       |
| 13 	   | 37%      | 9, 1    |     | -        | -        | -       |
| 14 	   | 100%     | 10, 1   |     | -        | -        | -       |
| 15 	   | 100%     | 10, 2   |     | -        | -        | -       |
| 16 	   | 18%      | 10, 3   |     | -        | -        | -       |
| 17 	   | 100%     | 11, 1   |     | -        | -        | -       |
| 18 	   | 69%      | 11, 2   |     | -        | -        | -       |
| 19 	   | 68%      | 16, 1   |     | -        | -        | -       |
| 20 	   | 0%       | -1, -1  |     | -        | -        | -       |
| 21 	   | 95%      | 13, 1   |     | -        | -        | -       |
| 22 	   | 29%      | 14, 1   |     | -        | -        | -       |
| 23 	   | 44%      | 15, 1   |     | -        | -        | -       |
| 24 	   | 0%       | -1, -1  |     | -        | -        | -       |
| 25 	   | 0%       | -1, -1  |     | -        | -        | -       |
| 26 	   | 0%       | -1, -1  |     | -        | -        | -       |
| 27 	   | 0%       | -1, -1  |     | -        | -        | -       |
| 28 	   | 0%       | -1, -1  |     | -        | -        | -       |
| 29 	   | 0%       | -1, -1  |     | -        | -        | -       |
| 30 	   | 0%       | -1, -1  |     | -        | -        | -       |
| 31 	   | 0%       | -1, -1  |     | -        | -        | -       |
| 32 	   | 0%       | -1, -1  |     | -        | -        | -       |
| 33 	   | 0%       | -1, -1  |     | -        | -        | -       |
| 34 	   | 0%       | -1, -1  |     | -        | -        | -       |
+----------+----------+---------+     +----------+----------+---------+


- Consulta de dirección virtual: 11330875.860111B (Página 10) con proceso 7, parte 1.

Estado de la memoria antes de la consulta:

+----------+----------+---------+     +----------+----------+---------+
|            PAGINAS            |     |             MARCOS            |
+----------+----------+---------+     +----------+----------+---------+
| 1  	   | 100%     | 1, 1    |     | 1        | 100%     | 1, 1    |
| 2  	   | 33%      | 1, 2    |     | 2        | 33%      | 1, 2    |
| 3  	   | 100%     | 2, 1    |     | 3        | 100%     | 2, 1    |
| 4  	   | 12%      | 2, 2    |     | 4        | 12%      | 2, 2    |
| 5  	   | 71%      | 3, 1    |     | 5        | 71%      | 3, 1    |
| 6  	   | 92%      | 4, 1    |     | 6        | 92%      | 4, 1    |
| 7  	   | 5%       | 5, 1    |     | 7        | 5%       | 5, 1    |
| 8  	   | 100%     | 6, 1    |     | 8        | 100%     | 6, 1    |
| 9  	   | 92%      | 6, 2    |     | 9        | 92%      | 6, 2    |
| 10 	   | 88%      | 7, 1    |     | 10       | 44%      | 15, 1   |
| 11 	   | 100%     | 8, 1    |     | -        | -        | -       |
| 12 	   | 80%      | 8, 2    |     | -        | -        | -       |
| 13 	   | 37%      | 9, 1    |     | -        | -        | -       |
| 14 	   | 100%     | 10, 1   |     | -        | -        | -       |
| 15 	   | 100%     | 10, 2   |     | -        | -        | -       |
| 16 	   | 18%      | 10, 3   |     | -        | -        | -       |
| 17 	   | 100%     | 11, 1   |     | -        | -        | -       |
| 18 	   | 69%      | 11, 2   |     | -        | -        | -       |
| 19 	   | 68%      | 16, 1   |     | -        | -        | -       |
| 20 	   | 22%      | 17, 1   |     | -        | -        | -       |
| 21 	   | 95%      | 13, 1   |     | -        | -        | -       |
| 22 	   | 29%      | 14, 1   |     | -        | -        | -       |
| 23 	   | 44%      | 15, 1   |     | -        | -        | -       |
| 24 	   | 100%     | 18, 1   |     | -        | -        | -       |
| 25 	   | 12%      | 18, 2   |     | -        | -        | -       |
| 26 	   | 0%       | -1, -1  |     | -        | -        | -       |
| 27 	   | 0%       | -1, -1  |     | -        | -        | -       |
| 28 	   | 0%       | -1, -1  |     | -        | -        | -       |
| 29 	   | 0%       | -1, -1  |     | -        | -        | -       |
| 30 	   | 0%       | -1, -1  |     | -        | -        | -       |
| 31 	   | 0%       | -1, -1  |     | -        | -        | -       |
| 32 	   | 0%       | -1, -1  |     | -        | -        | -       |
| 33 	   | 0%       | -1, -1  |     | -        | -        | -       |
| 34 	   | 0%       | -1, -1  |     | -        | -        | -       |
+----------+----------+---------+     +----------+----------+---------+


Reemplazando marco 9 con proceso 7, parte 1.


Estado de la memoria después de la consulta:

+----------+----------+---------+     +----------+----------+---------+
|            PAGINAS            |     |             MARCOS            |
+----------+----------+---------+     +----------+----------+---------+
| 1  	   | 100%     | 1, 1    |     | 1        | 100%     | 1, 1    |
| 2  	   | 33%      | 1, 2    |     | 2        | 33%      | 1, 2    |
| 3  	   | 100%     | 2, 1    |     | 3        | 100%     | 2, 1    |
| 4  	   | 12%      | 2, 2    |     | 4        | 12%      | 2, 2    |
| 5  	   | 71%      | 3, 1    |     | 5        | 71%      | 3, 1    |
| 6  	   | 92%      | 4, 1    |     | 6        | 92%      | 4, 1    |
| 7  	   | 5%       | 5, 1    |     | 7        | 5%       | 5, 1    |
| 8  	   | 100%     | 6, 1    |     | 8        | 100%     | 6, 1    |
| 9  	   | 92%      | 6, 2    |     | 9        | 88%      | 7, 1    |
| 10 	   | 88%      | 7, 1    |     | 10       | 0%       | -1, -1  |
| 11 	   | 100%     | 8, 1    |     | -        | -        | -       |
| 12 	   | 80%      | 8, 2    |     | -        | -        | -       |
| 13 	   | 37%      | 9, 1    |     | -        | -        | -       |
| 14 	   | 100%     | 10, 1   |     | -        | -        | -       |
| 15 	   | 100%     | 10, 2   |     | -        | -        | -       |
| 16 	   | 18%      | 10, 3   |     | -        | -        | -       |
| 17 	   | 100%     | 11, 1   |     | -        | -        | -       |
| 18 	   | 69%      | 11, 2   |     | -        | -        | -       |
| 19 	   | 68%      | 16, 1   |     | -        | -        | -       |
| 20 	   | 22%      | 17, 1   |     | -        | -        | -       |
| 21 	   | 95%      | 13, 1   |     | -        | -        | -       |
| 22 	   | 29%      | 14, 1   |     | -        | -        | -       |
| 23 	   | 0%       | -1, -1  |     | -        | -        | -       |
| 24 	   | 100%     | 18, 1   |     | -        | -        | -       |
| 25 	   | 12%      | 18, 2   |     | -        | -        | -       |
| 26 	   | 0%       | -1, -1  |     | -        | -        | -       |
| 27 	   | 0%       | -1, -1  |     | -        | -        | -       |
| 28 	   | 0%       | -1, -1  |     | -        | -        | -       |
| 29 	   | 0%       | -1, -1  |     | -        | -        | -       |
| 30 	   | 0%       | -1, -1  |     | -        | -        | -       |
| 31 	   | 0%       | -1, -1  |     | -        | -        | -       |
| 32 	   | 0%       | -1, -1  |     | -        | -        | -       |
| 33 	   | 0%       | -1, -1  |     | -        | -        | -       |
| 34 	   | 0%       | -1, -1  |     | -        | -        | -       |
+----------+----------+---------+     +----------+----------+---------+


- Consulta de dirección virtual: 33233924.025125B (Página 28) con proceso 0, parte -1.

Estado de la memoria antes de la consulta:

+----------+----------+---------+     +----------+----------+---------+
|            PAGINAS            |     |             MARCOS            |
+----------+----------+---------+     +----------+----------+---------+
| 1  	   | 100%     | 1, 1    |     | 1        | 100%     | 1, 1    |
| 2  	   | 33%      | 1, 2    |     | 2        | 33%      | 1, 2    |
| 3  	   | 100%     | 2, 1    |     | 3        | 100%     | 2, 1    |
| 4  	   | 12%      | 2, 2    |     | 4        | 12%      | 2, 2    |
| 5  	   | 71%      | 3, 1    |     | 5        | 71%      | 3, 1    |
| 6  	   | 92%      | 4, 1    |     | 6        | 92%      | 4, 1    |
| 7  	   | 5%       | 5, 1    |     | 7        | 5%       | 5, 1    |
| 8  	   | 100%     | 6, 1    |     | 8        | 100%     | 6, 1    |
| 9  	   | 92%      | 6, 2    |     | 9        | 88%      | 7, 1    |
| 10 	   | 88%      | 7, 1    |     | 10       | 100%     | 19, 1   |
| 11 	   | 100%     | 8, 1    |     | -        | -        | -       |
| 12 	   | 80%      | 8, 2    |     | -        | -        | -       |
| 13 	   | 37%      | 9, 1    |     | -        | -        | -       |
| 14 	   | 100%     | 10, 1   |     | -        | -        | -       |
| 15 	   | 100%     | 10, 2   |     | -        | -        | -       |
| 16 	   | 18%      | 10, 3   |     | -        | -        | -       |
| 17 	   | 100%     | 11, 1   |     | -        | -        | -       |
| 18 	   | 69%      | 11, 2   |     | -        | -        | -       |
| 19 	   | 68%      | 16, 1   |     | -        | -        | -       |
| 20 	   | 22%      | 17, 1   |     | -        | -        | -       |
| 21 	   | 95%      | 13, 1   |     | -        | -        | -       |
| 22 	   | 29%      | 14, 1   |     | -        | -        | -       |
| 23 	   | 100%     | 19, 1   |     | -        | -        | -       |
| 24 	   | 100%     | 18, 1   |     | -        | -        | -       |
| 25 	   | 12%      | 18, 2   |     | -        | -        | -       |
| 26 	   | 37%      | 19, 2   |     | -        | -        | -       |
| 27 	   | 80%      | 20, 1   |     | -        | -        | -       |
| 28 	   | 0%       | -1, -1  |     | -        | -        | -       |
| 29 	   | 0%       | -1, -1  |     | -        | -        | -       |
| 30 	   | 0%       | -1, -1  |     | -        | -        | -       |
| 31 	   | 0%       | -1, -1  |     | -        | -        | -       |
| 32 	   | 0%       | -1, -1  |     | -        | -        | -       |
| 33 	   | 0%       | -1, -1  |     | -        | -        | -       |
| 34 	   | 0%       | -1, -1  |     | -        | -        | -       |
+----------+----------+---------+     +----------+----------+---------+


Reemplazando marco 8 con proceso 0, parte -1.


Estado de la memoria después de la consulta:

+----------+----------+---------+     +----------+----------+---------+
|            PAGINAS            |     |             MARCOS            |
+----------+----------+---------+     +----------+----------+---------+
| 1  	   | 100%     | 1, 1    |     | 1        | 100%     | 1, 1    |
| 2  	   | 33%      | 1, 2    |     | 2        | 33%      | 1, 2    |
| 3  	   | 100%     | 2, 1    |     | 3        | 100%     | 2, 1    |
| 4  	   | 12%      | 2, 2    |     | 4        | 12%      | 2, 2    |
| 5  	   | 71%      | 3, 1    |     | 5        | 71%      | 3, 1    |
| 6  	   | 92%      | 4, 1    |     | 6        | 92%      | 4, 1    |
| 7  	   | 5%       | 5, 1    |     | 7        | 5%       | 5, 1    |
| 8  	   | 100%     | 6, 1    |     | 8        | 0%       | -1, -1  |
| 9  	   | 92%      | 6, 2    |     | 9        | 88%      | 7, 1    |
| 10 	   | 88%      | 7, 1    |     | 10       | 100%     | 19, 1   |
| 11 	   | 100%     | 8, 1    |     | -        | -        | -       |
| 12 	   | 80%      | 8, 2    |     | -        | -        | -       |
| 13 	   | 37%      | 9, 1    |     | -        | -        | -       |
| 14 	   | 100%     | 10, 1   |     | -        | -        | -       |
| 15 	   | 100%     | 10, 2   |     | -        | -        | -       |
| 16 	   | 18%      | 10, 3   |     | -        | -        | -       |
| 17 	   | 100%     | 11, 1   |     | -        | -        | -       |
| 18 	   | 69%      | 11, 2   |     | -        | -        | -       |
| 19 	   | 68%      | 16, 1   |     | -        | -        | -       |
| 20 	   | 22%      | 17, 1   |     | -        | -        | -       |
| 21 	   | 95%      | 13, 1   |     | -        | -        | -       |
| 22 	   | 29%      | 14, 1   |     | -        | -        | -       |
| 23 	   | 100%     | 19, 1   |     | -        | -        | -       |
| 24 	   | 100%     | 18, 1   |     | -        | -        | -       |
| 25 	   | 12%      | 18, 2   |     | -        | -        | -       |
| 26 	   | 37%      | 19, 2   |     | -        | -        | -       |
| 27 	   | 80%      | 20, 1   |     | -        | -        | -       |
| 28 	   | 0%       | -1, -1  |     | -        | -        | -       |
| 29 	   | 0%       | -1, -1  |     | -        | -        | -       |
| 30 	   | 0%       | -1, -1  |     | -        | -        | -       |
| 31 	   | 0%       | -1, -1  |     | -        | -        | -       |
| 32 	   | 0%       | -1, -1  |     | -        | -        | -       |
| 33 	   | 0%       | -1, -1  |     | -        | -        | -       |
| 34 	   | 0%       | -1, -1  |     | -        | -        | -       |
+----------+----------+---------+     +----------+----------+---------+


- Consulta de dirección virtual: 20528881.130757B (Página 17) con proceso 11, parte 1.

Estado de la memoria antes de la consulta:

+----------+----------+---------+     +----------+----------+---------+
|            PAGINAS            |     |             MARCOS            |
+----------+----------+---------+     +----------+----------+---------+
| 1  	   | 100%     | 1, 1    |     | 1        | 100%     | 1, 1    |
| 2  	   | 33%      | 1, 2    |     | 2        | 33%      | 1, 2    |
| 3  	   | 100%     | 2, 1    |     | 3        | 100%     | 2, 1    |
| 4  	   | 12%      | 2, 2    |     | 4        | 12%      | 2, 2    |
| 5  	   | 71%      | 3, 1    |     | 5        | 71%      | 3, 1    |
| 6  	   | 92%      | 4, 1    |     | 6        | 92%      | 4, 1    |
| 7  	   | 5%       | 5, 1    |     | 7        | 5%       | 5, 1    |
| 8  	   | 100%     | 6, 1    |     | 8        | 0%       | -1, -1  |
| 9  	   | 92%      | 6, 2    |     | 9        | 88%      | 7, 1    |
| 10 	   | 88%      | 7, 1    |     | 10       | 100%     | 19, 1   |
| 11 	   | 100%     | 8, 1    |     | -        | -        | -       |
| 12 	   | 80%      | 8, 2    |     | -        | -        | -       |
| 13 	   | 37%      | 9, 1    |     | -        | -        | -       |
| 14 	   | 100%     | 10, 1   |     | -        | -        | -       |
| 15 	   | 100%     | 10, 2   |     | -        | -        | -       |
| 16 	   | 18%      | 10, 3   |     | -        | -        | -       |
| 17 	   | 100%     | 11, 1   |     | -        | -        | -       |
| 18 	   | 69%      | 11, 2   |     | -        | -        | -       |
| 19 	   | 68%      | 16, 1   |     | -        | -        | -       |
| 20 	   | 22%      | 17, 1   |     | -        | -        | -       |
| 21 	   | 95%      | 13, 1   |     | -        | -        | -       |
| 22 	   | 29%      | 14, 1   |     | -        | -        | -       |
| 23 	   | 100%     | 19, 1   |     | -        | -        | -       |
| 24 	   | 100%     | 18, 1   |     | -        | -        | -       |
| 25 	   | 12%      | 18, 2   |     | -        | -        | -       |
| 26 	   | 37%      | 19, 2   |     | -        | -        | -       |
| 27 	   | 37%      | 21, 1   |     | -        | -        | -       |
| 28 	   | 65%      | 22, 1   |     | -        | -        | -       |
| 29 	   | 0%       | -1, -1  |     | -        | -        | -       |
| 30 	   | 0%       | -1, -1  |     | -        | -        | -       |
| 31 	   | 0%       | -1, -1  |     | -        | -        | -       |
| 32 	   | 0%       | -1, -1  |     | -        | -        | -       |
| 33 	   | 0%       | -1, -1  |     | -        | -        | -       |
| 34 	   | 0%       | -1, -1  |     | -        | -        | -       |
+----------+----------+---------+     +----------+----------+---------+


Reemplazando marco 7 con proceso 11, parte 1.


Estado de la memoria después de la consulta:

+----------+----------+---------+     +----------+----------+---------+
|            PAGINAS            |     |             MARCOS            |
+----------+----------+---------+     +----------+----------+---------+
| 1  	   | 100%     | 1, 1    |     | 1        | 100%     | 1, 1    |
| 2  	   | 33%      | 1, 2    |     | 2        | 33%      | 1, 2    |
| 3  	   | 100%     | 2, 1    |     | 3        | 100%     | 2, 1    |
| 4  	   | 12%      | 2, 2    |     | 4        | 12%      | 2, 2    |
| 5  	   | 71%      | 3, 1    |     | 5        | 71%      | 3, 1    |
| 6  	   | 92%      | 4, 1    |     | 6        | 92%      | 4, 1    |
| 7  	   | 5%       | 5, 1    |     | 7        | 100%     | 11, 1   |
| 8  	   | 100%     | 6, 1    |     | 8        | 0%       | -1, -1  |
| 9  	   | 92%      | 6, 2    |     | 9        | 88%      | 7, 1    |
| 10 	   | 88%      | 7, 1    |     | 10       | 100%     | 19, 1   |
| 11 	   | 100%     | 8, 1    |     | -        | -        | -       |
| 12 	   | 80%      | 8, 2    |     | -        | -        | -       |
| 13 	   | 37%      | 9, 1    |     | -        | -        | -       |
| 14 	   | 100%     | 10, 1   |     | -        | -        | -       |
| 15 	   | 100%     | 10, 2   |     | -        | -        | -       |
| 16 	   | 18%      | 10, 3   |     | -        | -        | -       |
| 17 	   | 100%     | 11, 1   |     | -        | -        | -       |
| 18 	   | 69%      | 11, 2   |     | -        | -        | -       |
| 19 	   | 68%      | 16, 1   |     | -        | -        | -       |
| 20 	   | 22%      | 17, 1   |     | -        | -        | -       |
| 21 	   | 95%      | 13, 1   |     | -        | -        | -       |
| 22 	   | 29%      | 14, 1   |     | -        | -        | -       |
| 23 	   | 100%     | 19, 1   |     | -        | -        | -       |
| 24 	   | 100%     | 18, 1   |     | -        | -        | -       |
| 25 	   | 12%      | 18, 2   |     | -        | -        | -       |
| 26 	   | 37%      | 19, 2   |     | -        | -        | -       |
| 27 	   | 37%      | 21, 1   |     | -        | -        | -       |
| 28 	   | 65%      | 22, 1   |     | -        | -        | -       |
| 29 	   | 0%       | -1, -1  |     | -        | -        | -       |
| 30 	   | 0%       | -1, -1  |     | -        | -        | -       |
| 31 	   | 0%       | -1, -1  |     | -        | -        | -       |
| 32 	   | 0%       | -1, -1  |     | -        | -        | -       |
| 33 	   | 0%       | -1, -1  |     | -        | -        | -       |
| 34 	   | 0%       | -1, -1  |     | -        | -        | -       |
+----------+----------+---------+     +----------+----------+---------+


- Consulta de dirección virtual: 33592401.010256B (Página 28) con proceso 22, parte 1.

Estado de la memoria antes de la consulta:

+----------+----------+---------+     +----------+----------+---------+
|            PAGINAS            |     |             MARCOS            |
+----------+----------+---------+     +----------+----------+---------+
| 1  	   | 100%     | 1, 1    |     | 1        | 100%     | 1, 1    |
| 2  	   | 33%      | 1, 2    |     | 2        | 33%      | 1, 2    |
| 3  	   | 100%     | 2, 1    |     | 3        | 100%     | 2, 1    |
| 4  	   | 12%      | 2, 2    |     | 4        | 12%      | 2, 2    |
| 5  	   | 71%      | 3, 1    |     | 5        | 71%      | 3, 1    |
| 6  	   | 92%      | 4, 1    |     | 6        | 92%      | 4, 1    |
| 7  	   | 5%       | 5, 1    |     | 7        | 100%     | 11, 1   |
| 8  	   | 13%      | 24, 1   |     | 8        | 0%       | -1, -1  |
| 9  	   | 0%       | -1, -1  |     | 9        | 88%      | 7, 1    |
| 10 	   | 88%      | 7, 1    |     | 10       | 100%     | 19, 1   |
| 11 	   | 100%     | 8, 1    |     | -        | -        | -       |
| 12 	   | 80%      | 8, 2    |     | -        | -        | -       |
| 13 	   | 37%      | 9, 1    |     | -        | -        | -       |
| 14 	   | 100%     | 10, 1   |     | -        | -        | -       |
| 15 	   | 100%     | 10, 2   |     | -        | -        | -       |
| 16 	   | 18%      | 10, 3   |     | -        | -        | -       |
| 17 	   | 100%     | 11, 1   |     | -        | -        | -       |
| 18 	   | 69%      | 11, 2   |     | -        | -        | -       |
| 19 	   | 68%      | 16, 1   |     | -        | -        | -       |
| 20 	   | 22%      | 17, 1   |     | -        | -        | -       |
| 21 	   | 95%      | 13, 1   |     | -        | -        | -       |
| 22 	   | 29%      | 14, 1   |     | -        | -        | -       |
| 23 	   | 100%     | 19, 1   |     | -        | -        | -       |
| 24 	   | 100%     | 18, 1   |     | -        | -        | -       |
| 25 	   | 12%      | 18, 2   |     | -        | -        | -       |
| 26 	   | 37%      | 19, 2   |     | -        | -        | -       |
| 27 	   | 37%      | 21, 1   |     | -        | -        | -       |
| 28 	   | 65%      | 22, 1   |     | -        | -        | -       |
| 29 	   | 100%     | 23, 1   |     | -        | -        | -       |
| 30 	   | 100%     | 23, 2   |     | -        | -        | -       |
| 31 	   | 25%      | 23, 3   |     | -        | -        | -       |
| 32 	   | 0%       | -1, -1  |     | -        | -        | -       |
| 33 	   | 0%       | -1, -1  |     | -        | -        | -       |
| 34 	   | 0%       | -1, -1  |     | -        | -        | -       |
+----------+----------+---------+     +----------+----------+---------+


Reemplazando marco 6 con proceso 22, parte 1.


Estado de la memoria después de la consulta:

+----------+----------+---------+     +----------+----------+---------+
|            PAGINAS            |     |             MARCOS            |
+----------+----------+---------+     +----------+----------+---------+
| 1  	   | 100%     | 1, 1    |     | 1        | 100%     | 1, 1    |
| 2  	   | 33%      | 1, 2    |     | 2        | 33%      | 1, 2    |
| 3  	   | 100%     | 2, 1    |     | 3        | 100%     | 2, 1    |
| 4  	   | 12%      | 2, 2    |     | 4        | 12%      | 2, 2    |
| 5  	   | 71%      | 3, 1    |     | 5        | 71%      | 3, 1    |
| 6  	   | 92%      | 4, 1    |     | 6        | 65%      | 22, 1   |
| 7  	   | 5%       | 5, 1    |     | 7        | 100%     | 11, 1   |
| 8  	   | 13%      | 24, 1   |     | 8        | 0%       | -1, -1  |
| 9  	   | 100%     | 25, 1   |     | 9        | 88%      | 7, 1    |
| 10 	   | 88%      | 7, 1    |     | 10       | 100%     | 19, 1   |
| 11 	   | 100%     | 8, 1    |     | -        | -        | -       |
| 12 	   | 80%      | 8, 2    |     | -        | -        | -       |
| 13 	   | 37%      | 9, 1    |     | -        | -        | -       |
| 14 	   | 100%     | 10, 1   |     | -        | -        | -       |
| 15 	   | 100%     | 10, 2   |     | -        | -        | -       |
| 16 	   | 18%      | 10, 3   |     | -        | -        | -       |
| 17 	   | 100%     | 11, 1   |     | -        | -        | -       |
| 18 	   | 69%      | 11, 2   |     | -        | -        | -       |
| 19 	   | 68%      | 16, 1   |     | -        | -        | -       |
| 20 	   | 22%      | 17, 1   |     | -        | -        | -       |
| 21 	   | 95%      | 13, 1   |     | -        | -        | -       |
| 22 	   | 29%      | 14, 1   |     | -        | -        | -       |
| 23 	   | 100%     | 19, 1   |     | -        | -        | -       |
| 24 	   | 100%     | 18, 1   |     | -        | -        | -       |
| 25 	   | 12%      | 18, 2   |     | -        | -        | -       |
| 26 	   | 37%      | 19, 2   |     | -        | -        | -       |
| 27 	   | 37%      | 21, 1   |     | -        | -        | -       |
| 28 	   | 65%      | 22, 1   |     | -        | -        | -       |
| 29 	   | 100%     | 23, 1   |     | -        | -        | -       |
| 30 	   | 100%     | 23, 2   |     | -        | -        | -       |
| 31 	   | 25%      | 23, 3   |     | -        | -        | -       |
| 32 	   | 63%      | 25, 2   |     | -        | -        | -       |
| 33 	   | 0%       | -1, -1  |     | -        | -        | -       |
| 34 	   | 0%       | -1, -1  |     | -        | -        | -       |
+----------+----------+---------+     +----------+----------+---------+


- Consulta de dirección virtual: 37742931.897732B (Página 31) con proceso 23, parte 3.

Estado de la memoria antes de la consulta:

+----------+----------+---------+     +----------+----------+---------+
|            PAGINAS            |     |             MARCOS            |
+----------+----------+---------+     +----------+----------+---------+
| 1  	   | 100%     | 1, 1    |     | 1        | 100%     | 1, 1    |
| 2  	   | 33%      | 1, 2    |     | 2        | 33%      | 1, 2    |
| 3  	   | 100%     | 2, 1    |     | 3        | 100%     | 2, 1    |
| 4  	   | 12%      | 2, 2    |     | 4        | 12%      | 2, 2    |
| 5  	   | 71%      | 3, 1    |     | 5        | 71%      | 3, 1    |
| 6  	   | 92%      | 4, 1    |     | 6        | 65%      | 22, 1   |
| 7  	   | 5%       | 5, 1    |     | 7        | 100%     | 11, 1   |
| 8  	   | 13%      | 24, 1   |     | 8        | 0%       | -1, -1  |
| 9  	   | 100%     | 25, 1   |     | 9        | 88%      | 7, 1    |
| 10 	   | 88%      | 7, 1    |     | 10       | 100%     | 19, 1   |
| 11 	   | 72%      | 26, 1   |     | -        | -        | -       |
| 12 	   | 100%     | 27, 1   |     | -        | -        | -       |
| 13 	   | 37%      | 9, 1    |     | -        | -        | -       |
| 14 	   | 100%     | 10, 1   |     | -        | -        | -       |
| 15 	   | 100%     | 10, 2   |     | -        | -        | -       |
| 16 	   | 18%      | 10, 3   |     | -        | -        | -       |
| 17 	   | 100%     | 11, 1   |     | -        | -        | -       |
| 18 	   | 69%      | 11, 2   |     | -        | -        | -       |
| 19 	   | 68%      | 16, 1   |     | -        | -        | -       |
| 20 	   | 22%      | 17, 1   |     | -        | -        | -       |
| 21 	   | 95%      | 13, 1   |     | -        | -        | -       |
| 22 	   | 29%      | 14, 1   |     | -        | -        | -       |
| 23 	   | 100%     | 19, 1   |     | -        | -        | -       |
| 24 	   | 100%     | 18, 1   |     | -        | -        | -       |
| 25 	   | 12%      | 18, 2   |     | -        | -        | -       |
| 26 	   | 37%      | 19, 2   |     | -        | -        | -       |
| 27 	   | 37%      | 21, 1   |     | -        | -        | -       |
| 28 	   | 65%      | 22, 1   |     | -        | -        | -       |
| 29 	   | 100%     | 23, 1   |     | -        | -        | -       |
| 30 	   | 100%     | 23, 2   |     | -        | -        | -       |
| 31 	   | 25%      | 23, 3   |     | -        | -        | -       |
| 32 	   | 63%      | 25, 2   |     | -        | -        | -       |
| 33 	   | 30%      | 27, 2   |     | -        | -        | -       |
| 34 	   | 0%       | -1, -1  |     | -        | -        | -       |
+----------+----------+---------+     +----------+----------+---------+


Reemplazando marco 5 con proceso 23, parte 3.


Estado de la memoria después de la consulta:

+----------+----------+---------+     +----------+----------+---------+
|            PAGINAS            |     |             MARCOS            |
+----------+----------+---------+     +----------+----------+---------+
| 1  	   | 100%     | 1, 1    |     | 1        | 100%     | 1, 1    |
| 2  	   | 33%      | 1, 2    |     | 2        | 33%      | 1, 2    |
| 3  	   | 100%     | 2, 1    |     | 3        | 100%     | 2, 1    |
| 4  	   | 12%      | 2, 2    |     | 4        | 12%      | 2, 2    |
| 5  	   | 71%      | 3, 1    |     | 5        | 25%      | 23, 3   |
| 6  	   | 92%      | 4, 1    |     | 6        | 65%      | 22, 1   |
| 7  	   | 5%       | 5, 1    |     | 7        | 100%     | 11, 1   |
| 8  	   | 13%      | 24, 1   |     | 8        | 0%       | -1, -1  |
| 9  	   | 100%     | 25, 1   |     | 9        | 88%      | 7, 1    |
| 10 	   | 88%      | 7, 1    |     | 10       | 100%     | 19, 1   |
| 11 	   | 72%      | 26, 1   |     | -        | -        | -       |
| 12 	   | 100%     | 27, 1   |     | -        | -        | -       |
| 13 	   | 37%      | 9, 1    |     | -        | -        | -       |
| 14 	   | 100%     | 10, 1   |     | -        | -        | -       |
| 15 	   | 100%     | 10, 2   |     | -        | -        | -       |
| 16 	   | 18%      | 10, 3   |     | -        | -        | -       |
| 17 	   | 100%     | 11, 1   |     | -        | -        | -       |
| 18 	   | 69%      | 11, 2   |     | -        | -        | -       |
| 19 	   | 68%      | 16, 1   |     | -        | -        | -       |
| 20 	   | 22%      | 17, 1   |     | -        | -        | -       |
| 21 	   | 95%      | 13, 1   |     | -        | -        | -       |
| 22 	   | 29%      | 14, 1   |     | -        | -        | -       |
| 23 	   | 100%     | 19, 1   |     | -        | -        | -       |
| 24 	   | 100%     | 18, 1   |     | -        | -        | -       |
| 25 	   | 12%      | 18, 2   |     | -        | -        | -       |
| 26 	   | 37%      | 19, 2   |     | -        | -        | -       |
| 27 	   | 37%      | 21, 1   |     | -        | -        | -       |
| 28 	   | 65%      | 22, 1   |     | -        | -        | -       |
| 29 	   | 100%     | 23, 1   |     | -        | -        | -       |
| 30 	   | 100%     | 23, 2   |     | -        | -        | -       |
| 31 	   | 25%      | 23, 3   |     | -        | -        | -       |
| 32 	   | 63%      | 25, 2   |     | -        | -        | -       |
| 33 	   | 30%      | 27, 2   |     | -        | -        | -       |
| 34 	   | 0%       | -1, -1  |     | -        | -        | -       |
+----------+----------+---------+     +----------+----------+---------+


